  main.cpp
C:\Users\Connor\Documents\workspace\visual studio\hexagons\SFML_visual\main.cpp(18,43): warning C4305:  'initializing': truncation from 'double' to 'const float'
C:\Users\Connor\Documents\workspace\visual studio\hexagons\SFML_visual\main.cpp(24,22): warning C4244:  'argument': conversion from 'int' to 'float', possible loss of data
C:\Users\Connor\Documents\workspace\visual studio\hexagons\SFML_visual\main.cpp(27,26): warning C4244:  'argument': conversion from 'int' to 'float', possible loss of data
C:\Users\Connor\Documents\workspace\visual studio\hexagons\SFML_visual\main.cpp(28,21): warning C4244:  'argument': conversion from 'int' to 'float', possible loss of data
C:\Users\Connor\Documents\workspace\visual studio\hexagons\SFML_visual\main.cpp(28,18): warning C4244:  'argument': conversion from 'int' to 'float', possible loss of data
C:\Users\Connor\Documents\workspace\visual studio\hexagons\SFML_visual\main.cpp(29,24): warning C4244:  'argument': conversion from 'int' to 'float', possible loss of data
C:\Users\Connor\Documents\workspace\visual studio\hexagons\SFML_visual\main.cpp(29,16): warning C4244:  'argument': conversion from 'int' to 'float', possible loss of data
C:\Users\Connor\Documents\workspace\visual studio\hexagons\SFML_visual\main.cpp(34,23): warning C4244:  'initializing': conversion from 'double' to 'int', possible loss of data
C:\Users\Connor\Documents\workspace\visual studio\hexagons\SFML_visual\main.cpp(37,16): warning C4244:  'initializing': conversion from 'double' to 'int', possible loss of data
C:\Users\Connor\Documents\workspace\visual studio\hexagons\SFML_visual\main.cpp(38,16): warning C4244:  'initializing': conversion from 'double' to 'int', possible loss of data
C:\Users\Connor\Documents\workspace\visual studio\hexagons\SFML_visual\main.cpp(45,26): warning C4244:  '=': conversion from 'double' to 'int', possible loss of data
C:\Users\Connor\Documents\workspace\visual studio\hexagons\SFML_visual\main.cpp(56,39): warning C4244:  '+=': conversion from 'double' to 'int', possible loss of data
C:\Users\Connor\Documents\workspace\visual studio\hexagons\SFML_visual\main.cpp(59,46): warning C4244:  '+=': conversion from 'double' to 'int', possible loss of data
C:\Users\Connor\Documents\workspace\visual studio\hexagons\SFML_visual\main.cpp(107,73): warning C4244:  'argument': conversion from 'const T' to 'int', possible loss of data
C:\Users\Connor\Documents\workspace\visual studio\hexagons\SFML_visual\main.cpp(107,73): warning C4244:         with
C:\Users\Connor\Documents\workspace\visual studio\hexagons\SFML_visual\main.cpp(107,73): warning C4244:         [
C:\Users\Connor\Documents\workspace\visual studio\hexagons\SFML_visual\main.cpp(107,73): warning C4244:             T=float
C:\Users\Connor\Documents\workspace\visual studio\hexagons\SFML_visual\main.cpp(107,73): warning C4244:         ]
C:\Users\Connor\Documents\workspace\visual studio\hexagons\SFML_visual\main.cpp(107,50): warning C4244:  'argument': conversion from 'const T' to 'int', possible loss of data
C:\Users\Connor\Documents\workspace\visual studio\hexagons\SFML_visual\main.cpp(107,50): warning C4244:         with
C:\Users\Connor\Documents\workspace\visual studio\hexagons\SFML_visual\main.cpp(107,50): warning C4244:         [
C:\Users\Connor\Documents\workspace\visual studio\hexagons\SFML_visual\main.cpp(107,50): warning C4244:             T=float
C:\Users\Connor\Documents\workspace\visual studio\hexagons\SFML_visual\main.cpp(107,50): warning C4244:         ]
C:\Users\Connor\Documents\workspace\visual studio\hexagons\SFML_visual\main.cpp(152,10): warning C4244:  'initializing': conversion from 'const T' to 'int', possible loss of data
C:\Users\Connor\Documents\workspace\visual studio\hexagons\SFML_visual\main.cpp(152,10): warning C4244:         with
C:\Users\Connor\Documents\workspace\visual studio\hexagons\SFML_visual\main.cpp(152,10): warning C4244:         [
C:\Users\Connor\Documents\workspace\visual studio\hexagons\SFML_visual\main.cpp(152,10): warning C4244:             T=float
C:\Users\Connor\Documents\workspace\visual studio\hexagons\SFML_visual\main.cpp(152,10): warning C4244:         ]
C:\Users\Connor\Documents\workspace\visual studio\hexagons\SFML_visual\main.cpp(153,10): warning C4244:  'initializing': conversion from 'const T' to 'int', possible loss of data
C:\Users\Connor\Documents\workspace\visual studio\hexagons\SFML_visual\main.cpp(153,10): warning C4244:         with
C:\Users\Connor\Documents\workspace\visual studio\hexagons\SFML_visual\main.cpp(153,10): warning C4244:         [
C:\Users\Connor\Documents\workspace\visual studio\hexagons\SFML_visual\main.cpp(153,10): warning C4244:             T=float
C:\Users\Connor\Documents\workspace\visual studio\hexagons\SFML_visual\main.cpp(153,10): warning C4244:         ]
main.obj : error LNK2019: unresolved external symbol "public: __cdecl sf::String::String(char const *,class std::locale const &)" (??0String@sf@@QEAA@PEBDAEBVlocale@std@@@Z) referenced in function main
main.obj : error LNK2019: unresolved external symbol "public: __cdecl sf::VideoMode::VideoMode(unsigned int,unsigned int,unsigned int)" (??0VideoMode@sf@@QEAA@III@Z) referenced in function main
main.obj : error LNK2019: unresolved external symbol "public: void __cdecl sf::Window::close(void)" (?close@Window@sf@@QEAAXXZ) referenced in function main
main.obj : error LNK2019: unresolved external symbol "public: bool __cdecl sf::Window::isOpen(void)const " (?isOpen@Window@sf@@QEBA_NXZ) referenced in function main
main.obj : error LNK2019: unresolved external symbol "public: bool __cdecl sf::Window::pollEvent(class sf::Event &)" (?pollEvent@Window@sf@@QEAA_NAEAVEvent@2@@Z) referenced in function main
main.obj : error LNK2019: unresolved external symbol "public: void __cdecl sf::Window::setFramerateLimit(unsigned int)" (?setFramerateLimit@Window@sf@@QEAAXI@Z) referenced in function main
main.obj : error LNK2019: unresolved external symbol "public: void __cdecl sf::Window::display(void)" (?display@Window@sf@@QEAAXXZ) referenced in function main
main.obj : error LNK2019: unresolved external symbol "public: virtual __cdecl sf::Transformable::~Transformable(void)" (??1Transformable@sf@@UEAA@XZ) referenced in function "int `public: __cdecl sf::Shape::Shape(class Shape::dtor$1 const &)'::`1'::dtor$1" (?dtor$1@?0???0Shape@sf@@QEAA@AEBV01@@Z@4HA)
main.obj : error LNK2019: unresolved external symbol "public: void __cdecl sf::Transformable::setPosition(float,float)" (?setPosition@Transformable@sf@@QEAAXMM@Z) referenced in function "class sf::CircleShape __cdecl hexagon(int,int,int,class sf::Color,class sf::Color,int)" (?hexagon@@YA?AVCircleShape@sf@@HHHVColor@2@0H@Z)
main.obj : error LNK2019: unresolved external symbol "public: void __cdecl sf::Transformable::setOrigin(float,float)" (?setOrigin@Transformable@sf@@QEAAXMM@Z) referenced in function "class sf::CircleShape __cdecl hexagon(int,int,int,class sf::Color,class sf::Color,int)" (?hexagon@@YA?AVCircleShape@sf@@HHHVColor@2@0H@Z)
main.obj : error LNK2019: unresolved external symbol "public: class sf::Vector2<float> const & __cdecl sf::Transformable::getPosition(void)const " (?getPosition@Transformable@sf@@QEBAAEBV?$Vector2@M@2@XZ) referenced in function "public: void __cdecl Light::move(void)" (?move@Light@@QEAAXXZ)
main.obj : error LNK2019: unresolved external symbol "public: void __cdecl sf::Transformable::move(float,float)" (?move@Transformable@sf@@QEAAXMM@Z) referenced in function "public: void __cdecl Light::move(void)" (?move@Light@@QEAAXXZ)
main.obj : error LNK2019: unresolved external symbol "public: __cdecl sf::Color::Color(void)" (??0Color@sf@@QEAA@XZ) referenced in function "public: __cdecl Light::Light(int,int,int)" (??0Light@@QEAA@HHH@Z)
main.obj : error LNK2019: unresolved external symbol "public: __cdecl sf::Color::Color(unsigned char,unsigned char,unsigned char,unsigned char)" (??0Color@sf@@QEAA@EEEE@Z) referenced in function "public: __cdecl Light::Light(int,int,int)" (??0Light@@QEAA@HHH@Z)
main.obj : error LNK2001: unresolved external symbol "private: virtual void __cdecl sf::VertexArray::draw(class sf::RenderTarget &,class sf::RenderStates)const " (?draw@VertexArray@sf@@EEBAXAEAVRenderTarget@2@VRenderStates@2@@Z)
main.obj : error LNK2019: unresolved external symbol "public: virtual __cdecl sf::Shape::~Shape(void)" (??1Shape@sf@@UEAA@XZ) referenced in function "public: virtual __cdecl sf::CircleShape::~CircleShape(void)" (??1CircleShape@sf@@UEAA@XZ)
main.obj : error LNK2019: unresolved external symbol "public: void __cdecl sf::Shape::setFillColor(class sf::Color const &)" (?setFillColor@Shape@sf@@QEAAXAEBVColor@2@@Z) referenced in function "class sf::CircleShape __cdecl hexagon(int,int,int,class sf::Color,class sf::Color,int)" (?hexagon@@YA?AVCircleShape@sf@@HHHVColor@2@0H@Z)
main.obj : error LNK2019: unresolved external symbol "public: void __cdecl sf::Shape::setOutlineColor(class sf::Color const &)" (?setOutlineColor@Shape@sf@@QEAAXAEBVColor@2@@Z) referenced in function "class sf::CircleShape __cdecl hexagon(int,int,int,class sf::Color,class sf::Color,int)" (?hexagon@@YA?AVCircleShape@sf@@HHHVColor@2@0H@Z)
main.obj : error LNK2019: unresolved external symbol "public: void __cdecl sf::Shape::setOutlineThickness(float)" (?setOutlineThickness@Shape@sf@@QEAAXM@Z) referenced in function "class sf::CircleShape __cdecl hexagon(int,int,int,class sf::Color,class sf::Color,int)" (?hexagon@@YA?AVCircleShape@sf@@HHHVColor@2@0H@Z)
main.obj : error LNK2019: unresolved external symbol "public: class sf::Color const & __cdecl sf::Shape::getFillColor(void)const " (?getFillColor@Shape@sf@@QEBAAEBVColor@2@XZ) referenced in function "public: void __cdecl Light::move(void)" (?move@Light@@QEAAXXZ)
main.obj : error LNK2001: unresolved external symbol "private: virtual void __cdecl sf::Shape::draw(class sf::RenderTarget &,class sf::RenderStates)const " (?draw@Shape@sf@@EEBAXAEAVRenderTarget@2@VRenderStates@2@@Z)
main.obj : error LNK2019: unresolved external symbol "public: __cdecl sf::CircleShape::CircleShape(float,unsigned __int64)" (??0CircleShape@sf@@QEAA@M_K@Z) referenced in function "public: static void __cdecl std::_Default_allocator_traits<class std::allocator<class sf::CircleShape> >::construct<class sf::CircleShape>(class std::allocator<class sf::CircleShape> &,class sf::CircleShape * const)" (??$construct@VCircleShape@sf@@$$V@?$_Default_allocator_traits@V?$allocator@VCircleShape@sf@@@std@@@std@@SAXAEAV?$allocator@VCircleShape@sf@@@1@QEAVCircleShape@sf@@@Z)
main.obj : error LNK2001: unresolved external symbol "public: virtual unsigned __int64 __cdecl sf::CircleShape::getPointCount(void)const " (?getPointCount@CircleShape@sf@@UEBA_KXZ)
main.obj : error LNK2001: unresolved external symbol "public: virtual class sf::Vector2<float> __cdecl sf::CircleShape::getPoint(unsigned __int64)const " (?getPoint@CircleShape@sf@@UEBA?AV?$Vector2@M@2@_K@Z)
main.obj : error LNK2019: unresolved external symbol "public: void __cdecl sf::RenderTarget::clear(class sf::Color const &)" (?clear@RenderTarget@sf@@QEAAXAEBVColor@2@@Z) referenced in function main
main.obj : error LNK2019: unresolved external symbol "public: void __cdecl sf::RenderTarget::draw(class sf::Drawable const &,class sf::RenderStates const &)" (?draw@RenderTarget@sf@@QEAAXAEBVDrawable@2@AEBVRenderStates@2@@Z) referenced in function main
main.obj : error LNK2019: unresolved external symbol "public: __cdecl sf::RenderWindow::RenderWindow(class sf::VideoMode,class sf::String const &,unsigned int,struct sf::ContextSettings const &)" (??0RenderWindow@sf@@QEAA@VVideoMode@1@AEBVString@1@IAEBUContextSettings@1@@Z) referenced in function main
main.obj : error LNK2019: unresolved external symbol "public: virtual __cdecl sf::RenderWindow::~RenderWindow(void)" (??1RenderWindow@sf@@UEAA@XZ) referenced in function main
main.obj : error LNK2001: unresolved external symbol "public: static class sf::RenderStates const sf::RenderStates::Default" (?Default@RenderStates@sf@@2V12@B)
main.obj : error LNK2001: unresolved external symbol "public: static class sf::Color const sf::Color::Black" (?Black@Color@sf@@2V12@B)
main.obj : error LNK2001: unresolved external symbol "public: static class sf::Color const sf::Color::Red" (?Red@Color@sf@@2V12@B)
main.obj : error LNK2001: unresolved external symbol "public: static class sf::Color const sf::Color::Green" (?Green@Color@sf@@2V12@B)
main.obj : error LNK2001: unresolved external symbol "public: static class sf::Color const sf::Color::Blue" (?Blue@Color@sf@@2V12@B)
main.obj : error LNK2001: unresolved external symbol "public: static class sf::Color const sf::Color::Yellow" (?Yellow@Color@sf@@2V12@B)
main.obj : error LNK2001: unresolved external symbol "public: static class sf::Color const sf::Color::Magenta" (?Magenta@Color@sf@@2V12@B)
main.obj : error LNK2001: unresolved external symbol "public: static class sf::Color const sf::Color::Cyan" (?Cyan@Color@sf@@2V12@B)
main.obj : error LNK2001: unresolved external symbol "public: static class sf::Color const sf::Color::Transparent" (?Transparent@Color@sf@@2V12@B)
C:\SFML\lib\sfml-graphics-d.lib : warning LNK4272: library machine type 'x86' conflicts with target machine type 'x64'
C:\SFML\lib\sfml-window-d.lib : warning LNK4272: library machine type 'x86' conflicts with target machine type 'x64'
C:\SFML\lib\sfml-system-d.lib : warning LNK4272: library machine type 'x86' conflicts with target machine type 'x64'
C:\SFML\lib\sfml-main-d.lib : warning LNK4272: library machine type 'x86' conflicts with target machine type 'x64'
C:\Users\Connor\Documents\workspace\visual studio\hexagons\x64\Debug\SFML_visual.exe : fatal error LNK1120: 37 unresolved externals
